<?xml version="1.0" encoding="UTF-8"?>
<testsuites>
  <testsuite name="" tests="1" assertions="5" errors="0" failures="0" skipped="0" time="1.989420">
    <testsuite name="Unit Tests" tests="1" assertions="5" errors="0" failures="0" skipped="0" time="1.989420">
      <testsuite name="Tests\Unit\App\Classes\Sistema\MensajeTest" file="/home/vagrant/claropay/clientes/tests/Unit/App/Classes/Sistema/MensajeTest.php" tests="1" assertions="5" errors="0" failures="0" skipped="0" time="1.989420">
        <testcase name="test_envia" class="Tests\Unit\App\Classes\Sistema\MensajeTest" classname="Tests.Unit.App.Classes.Sistema.MensajeTest" file="/home/vagrant/claropay/clientes/tests/Unit/App/Classes/Sistema/MensajeTest.php" line="32" assertions="5" time="1.989420"/>
      </testsuite>
    </testsuite>
  </testsuite>
</testsuites>
